<?xml version="1.0" encoding="UTF-8"?>
<!-- Generated by org.testng.reporters.JUnitReportReporter -->
<testsuite hostname="DESKTOP-5L94BHF" failures="0" tests="2" name="com.testNg.com.BrowserLaunch" time="0.006" errors="0" timestamp="2021-06-09T11:49:32 IST" skipped="0">
  <testcase classname="com.testNg.com.BrowserLaunch" name="addToCart" time="0.004"/>
  <testcase classname="com.testNg.com.BrowserLaunch" name="iphoneSearch" time="0.002"/>
</testsuite> <!-- com.testNg.com.BrowserLaunch -->
